2022-07-19 11:15:01,088 - __main__ - INFO - Token value: Token not available!
2022-07-19 11:15:01,760 - __main__ - INFO - Weather in Berlin: 30.32
2022-07-19 10:09:58,525 - __main__ - INFO - Token value: 1234
2022-07-19 10:09:58,949 - __main__ - INFO - Weather in Berlin: 32.56
2022-07-19 12:17:50,405 - __main__ - INFO - Token value: 1234
2022-07-19 12:17:50,875 - __main__ - INFO - Weather in Berlin: 33.66
2022-07-19 14:09:00,868 - __main__ - INFO - Token value: 1234
2022-07-19 14:09:01,435 - __main__ - INFO - Weather in Berlin: 34.86
2022-07-19 16:12:16,906 - __main__ - INFO - Token value: 1234
2022-07-19 16:12:17,306 - __main__ - INFO - Weather in Berlin: 34.28
2022-07-19 18:10:53,682 - __main__ - INFO - Token value: 1234
2022-07-19 18:10:53,844 - __main__ - INFO - Weather in Berlin: 31.9
2022-07-19 20:09:35,027 - __main__ - INFO - Token value: 1234
2022-07-19 20:09:35,139 - __main__ - INFO - Weather in Berlin: 27.52
2022-07-19 22:09:04,334 - __main__ - INFO - Token value: 1234
2022-07-19 22:09:04,912 - __main__ - INFO - Weather in Berlin: 25.4
2022-07-20 00:46:12,649 - __main__ - INFO - Token value: 1234
2022-07-20 00:46:13,296 - __main__ - INFO - Weather in Berlin: 24.18
2022-07-20 03:36:18,748 - __main__ - INFO - Token value: 1234
2022-07-20 03:36:18,916 - __main__ - INFO - Weather in Berlin: 22.12
2022-07-20 04:30:43,477 - __main__ - INFO - Token value: 1234
2022-07-20 04:30:43,776 - __main__ - INFO - Weather in Berlin: 21.64
2022-07-20 06:11:40,340 - __main__ - INFO - Token value: 1234
2022-07-20 06:11:41,194 - __main__ - INFO - Weather in Berlin: 24.95
2022-07-20 08:12:25,109 - __main__ - INFO - Token value: 1234
2022-07-20 08:12:25,397 - __main__ - INFO - Weather in Berlin: 30.85
2022-07-20 10:09:27,874 - __main__ - INFO - Token value: 1234
2022-07-20 10:09:28,041 - __main__ - INFO - Weather in Berlin: 35.42
2022-07-20 12:16:14,801 - __main__ - INFO - Token value: 1234
2022-07-20 12:16:15,447 - __main__ - INFO - Weather in Berlin: 36.64
2022-07-20 14:10:42,143 - __main__ - INFO - Token value: 1234
2022-07-20 14:10:42,285 - __main__ - INFO - Weather in Berlin: 37.34
2022-07-20 16:11:32,101 - __main__ - INFO - Token value: 1234
2022-07-20 16:11:32,270 - __main__ - INFO - Weather in Berlin: 36.32
2022-07-20 18:11:08,871 - __main__ - INFO - Token value: 1234
2022-07-20 18:11:09,450 - __main__ - INFO - Weather in Berlin: 35.75
2022-07-20 20:10:07,208 - __main__ - INFO - Token value: 1234
2022-07-20 20:10:07,807 - __main__ - INFO - Weather in Berlin: 29.16
2022-07-20 22:08:32,880 - __main__ - INFO - Token value: 1234
2022-07-20 22:08:33,309 - __main__ - INFO - Weather in Berlin: 27.72
2022-07-21 00:51:04,670 - __main__ - INFO - Token value: 1234
2022-07-21 00:51:04,945 - __main__ - INFO - Weather in Berlin: 25.62
2022-07-21 03:32:21,183 - __main__ - INFO - Token value: 1234
2022-07-21 03:32:21,622 - __main__ - INFO - Weather in Berlin: 24.17
2022-07-21 04:33:49,059 - __main__ - INFO - Token value: 1234
2022-07-21 04:33:49,712 - __main__ - INFO - Weather in Berlin: 23.8
2022-07-21 06:11:40,676 - __main__ - INFO - Token value: 1234
2022-07-21 06:11:41,078 - __main__ - INFO - Weather in Berlin: 24.1
2022-07-21 08:11:51,774 - __main__ - INFO - Token value: 1234
2022-07-21 08:11:51,925 - __main__ - INFO - Weather in Berlin: 26.61
2022-07-21 10:10:48,231 - __main__ - INFO - Token value: 1234
2022-07-21 10:10:48,658 - __main__ - INFO - Weather in Berlin: 29.39
2022-07-21 12:16:51,452 - __main__ - INFO - Token value: 1234
2022-07-21 12:16:52,210 - __main__ - INFO - Weather in Berlin: 29.02
2022-07-21 14:10:13,059 - __main__ - INFO - Token value: 1234
2022-07-21 14:10:13,760 - __main__ - INFO - Weather in Berlin: 24.62
2022-07-21 16:11:48,481 - __main__ - INFO - Token value: 1234
2022-07-21 16:11:49,254 - __main__ - INFO - Weather in Berlin: 24.51
2022-07-21 18:11:19,590 - __main__ - INFO - Token value: 1234
2022-07-21 18:11:19,965 - __main__ - INFO - Weather in Berlin: 25.79
2022-07-21 20:10:30,244 - __main__ - INFO - Token value: 1234
2022-07-21 20:10:30,328 - __main__ - INFO - Weather in Berlin: 22.77
2022-07-25 00:44:39,700 - __main__ - INFO - Token value: 1234
2022-07-25 00:44:40,082 - __main__ - INFO - Weather in Berlin: 19.9
2022-08-01 00:54:12,206 - __main__ - INFO - Token value: 1234
2022-08-01 00:54:12,694 - __main__ - INFO - Weather in Berlin: 20.23
2022-08-08 00:40:42,506 - __main__ - INFO - Token value: 1234
2022-08-08 00:40:42,610 - __main__ - INFO - Weather in Berlin: 16.92
2022-08-15 00:44:48,218 - __main__ - INFO - Token value: 1234
2022-08-15 00:44:48,828 - __main__ - INFO - Weather in Berlin: 22.05
2022-08-22 00:46:22,483 - __main__ - INFO - Token value: 1234
2022-08-22 00:46:22,604 - __main__ - INFO - Weather in Berlin: 16.54
2022-08-29 00:51:03,885 - __main__ - INFO - Token value: 1234
2022-08-29 00:51:04,463 - __main__ - INFO - Weather in Berlin: 13.61
2022-09-05 00:54:44,539 - __main__ - INFO - Token value: 1234
2022-09-05 00:54:45,065 - __main__ - INFO - Weather in Berlin: 15.8
2022-09-12 00:48:56,255 - __main__ - INFO - Token value: 1234
2022-09-12 00:48:56,362 - __main__ - INFO - Weather in Berlin: 12.68
2022-09-19 00:51:28,986 - __main__ - INFO - Token value: 1234
2022-09-19 00:51:29,073 - __main__ - INFO - Weather in Berlin: 8.79
2022-09-26 00:54:36,285 - __main__ - INFO - Token value: 1234
2022-09-26 00:54:36,670 - __main__ - INFO - Weather in Berlin: 11.75
2022-10-03 00:53:53,511 - __main__ - INFO - Token value: 1234
2022-10-03 00:53:54,115 - __main__ - INFO - Weather in Berlin: 11.07
2022-10-10 00:59:22,592 - __main__ - INFO - Token value: 1234
2022-10-10 00:59:22,684 - __main__ - INFO - Weather in Berlin: 7.73
2022-10-17 01:03:34,041 - __main__ - INFO - Token value: 1234
2022-10-17 01:03:34,808 - __main__ - INFO - Weather in Berlin: 13.02
2022-10-24 01:05:23,964 - __main__ - INFO - Token value: 1234
2022-10-24 01:05:24,197 - __main__ - INFO - Weather in Berlin: 13.27
2022-10-31 00:56:50,347 - __main__ - INFO - Token value: 1234
2022-10-31 00:56:50,781 - __main__ - INFO - Weather in Berlin: 13.45
2022-11-07 00:46:30,914 - __main__ - INFO - Token value: 1234
2022-11-07 00:46:31,482 - __main__ - INFO - Weather in Berlin: 6.9
2022-11-14 00:42:53,014 - __main__ - INFO - Token value: 1234
2022-11-14 00:42:53,136 - __main__ - INFO - Weather in Berlin: 6.58
2022-11-21 00:44:54,383 - __main__ - INFO - Token value: 1234
2022-11-21 00:44:54,891 - __main__ - INFO - Weather in Berlin: -1.89
2022-11-28 00:38:10,868 - __main__ - INFO - Token value: 1234
2022-11-28 00:38:10,962 - __main__ - INFO - Weather in Berlin: 4.03
2022-12-05 00:37:36,747 - __main__ - INFO - Token value: 1234
2022-12-05 00:37:37,346 - __main__ - INFO - Weather in Berlin: 2.48
2022-12-12 00:40:48,194 - __main__ - INFO - Token value: 1234
2022-12-12 00:40:48,347 - __main__ - INFO - Weather in Berlin: -1.51
2022-12-19 00:34:22,668 - __main__ - INFO - Token value: 1234
2022-12-19 00:34:23,349 - __main__ - INFO - Weather in Berlin: -4.73
2022-12-26 00:37:57,455 - __main__ - INFO - Token value: 1234
2022-12-26 00:37:58,555 - __main__ - INFO - Weather in Berlin: 8.58
2023-01-02 00:37:45,571 - __main__ - INFO - Token value: 1234
2023-01-02 00:37:46,198 - __main__ - INFO - Weather in Berlin: 11.86
2023-01-09 00:37:48,669 - __main__ - INFO - Token value: 1234
2023-01-09 00:37:49,006 - __main__ - INFO - Weather in Berlin: 5.01
2023-01-16 00:38:39,973 - __main__ - INFO - Token value: 1234
2023-01-16 00:38:40,358 - __main__ - INFO - Weather in Berlin: 4.9
2023-01-23 00:37:11,897 - __main__ - INFO - Token value: 1234
2023-01-23 00:37:12,431 - __main__ - INFO - Weather in Berlin: 1.65
2023-01-30 00:35:30,776 - __main__ - INFO - Token value: 1234
2023-01-30 00:35:31,351 - __main__ - INFO - Weather in Berlin: 1.63
2023-02-06 00:37:40,919 - __main__ - INFO - Token value: 1234
2023-02-06 00:37:41,397 - __main__ - INFO - Weather in Berlin: -2.01
2023-02-13 00:41:55,645 - __main__ - INFO - Token value: 1234
2023-02-13 00:41:56,334 - __main__ - INFO - Weather in Berlin: 7.16
2023-02-20 00:42:40,136 - __main__ - INFO - Token value: 1234
2023-02-20 00:42:40,714 - __main__ - INFO - Weather in Berlin: 2.39
2023-02-27 00:41:12,914 - __main__ - INFO - Token value: 1234
2023-02-27 00:41:13,506 - __main__ - INFO - Weather in Berlin: -1.34
2023-03-06 00:41:41,381 - __main__ - INFO - Token value: 1234
2023-03-06 00:41:41,518 - __main__ - INFO - Weather in Berlin: 0.94
2023-03-13 00:39:58,538 - __main__ - INFO - Token value: 1234
2023-03-13 00:39:58,984 - __main__ - INFO - Weather in Berlin: 5.94
2023-03-20 00:40:52,346 - __main__ - INFO - Token value: 1234
2023-03-20 00:40:52,864 - __main__ - INFO - Weather in Berlin: 10.36
2023-03-27 00:37:03,135 - __main__ - INFO - Token value: 1234
2023-03-27 00:37:03,579 - __main__ - INFO - Weather in Berlin: 4.49
2023-04-03 00:37:03,535 - __main__ - INFO - Token value: 1234
2023-04-03 00:37:03,887 - __main__ - INFO - Weather in Berlin: 1.06
2023-04-10 00:36:03,126 - __main__ - INFO - Token value: 1234
2023-04-10 00:36:03,601 - __main__ - INFO - Weather in Berlin: 6.65
2023-04-17 00:38:11,628 - __main__ - INFO - Token value: 1234
2023-04-17 00:38:11,958 - __main__ - INFO - Weather in Berlin: 7.47
2023-04-24 00:37:25,968 - __main__ - INFO - Token value: 1234
2023-04-24 00:37:26,548 - __main__ - INFO - Weather in Berlin: 11.24
2023-05-01 00:38:28,593 - __main__ - INFO - Token value: 1234
2023-05-01 00:38:29,237 - __main__ - INFO - Weather in Berlin: 4.74
2023-05-08 00:35:59,553 - __main__ - INFO - Token value: 1234
2023-05-08 00:36:00,012 - __main__ - INFO - Weather in Berlin: 8.12
2023-05-15 00:37:43,779 - __main__ - INFO - Token value: 1234
2023-05-15 00:37:44,323 - __main__ - INFO - Weather in Berlin: 13.01
2023-05-22 00:38:44,183 - __main__ - INFO - Token value: 1234
2023-05-22 00:38:44,825 - __main__ - INFO - Weather in Berlin: 18.93
2023-05-29 00:38:32,685 - __main__ - INFO - Token value: 1234
2023-05-29 00:38:33,317 - __main__ - INFO - Weather in Berlin: 13.49
2023-06-05 00:42:16,214 - __main__ - INFO - Token value: 1234
2023-06-05 00:42:16,354 - __main__ - INFO - Weather in Berlin: 12.54
2023-06-12 00:44:40,761 - __main__ - INFO - Token value: 1234
2023-06-12 00:44:41,287 - __main__ - INFO - Weather in Berlin: 17.95
2023-06-19 00:41:31,896 - __main__ - INFO - Token value: 1234
2023-06-19 00:41:32,077 - __main__ - INFO - Weather in Berlin: 17.46
2023-06-26 00:48:35,778 - __main__ - INFO - Token value: 1234
2023-06-26 00:48:35,965 - __main__ - INFO - Weather in Berlin: 19.96
2023-07-03 00:47:50,515 - __main__ - INFO - Token value: 1234
2023-07-03 00:47:51,503 - __main__ - INFO - Weather in Berlin: 14.82
2023-07-10 00:47:49,548 - __main__ - INFO - Token value: 1234
2023-07-10 00:47:50,169 - __main__ - INFO - Weather in Berlin: 21.4
2023-07-17 00:50:57,487 - __main__ - INFO - Token value: 1234
2023-07-17 00:50:58,057 - __main__ - INFO - Weather in Berlin: 17.68
2023-07-24 00:41:28,744 - __main__ - INFO - Token value: 1234
2023-07-24 00:41:29,341 - __main__ - INFO - Weather in Berlin: 19.18
2023-07-31 00:41:40,366 - __main__ - INFO - Token value: 1234
2023-07-31 00:41:40,950 - __main__ - INFO - Weather in Berlin: 15.06
2023-08-07 00:39:33,017 - __main__ - INFO - Token value: 1234
2023-08-07 00:39:33,591 - __main__ - INFO - Weather in Berlin: 14.24
2023-08-14 00:32:09,980 - __main__ - INFO - Token value: 1234
2023-08-14 00:32:10,569 - __main__ - INFO - Weather in Berlin: 19.18
2023-08-21 00:31:40,538 - __main__ - INFO - Token value: 1234
2023-08-21 00:31:41,217 - __main__ - INFO - Weather in Berlin: 20.29
2023-08-28 00:32:45,300 - __main__ - INFO - Token value: 1234
2023-08-28 00:32:45,759 - __main__ - INFO - Weather in Berlin: 15.49
2023-09-04 00:32:51,578 - __main__ - INFO - Token value: 1234
2023-09-04 00:32:51,721 - __main__ - INFO - Weather in Berlin: 13.88
2023-09-11 00:33:02,029 - __main__ - INFO - Token value: 1234
2023-09-11 00:33:02,311 - __main__ - INFO - Weather in Berlin: 19.79
2023-09-18 00:33:08,034 - __main__ - INFO - Token value: 1234
2023-09-18 00:33:08,622 - __main__ - INFO - Weather in Berlin: 18.77
2023-09-25 00:33:31,589 - __main__ - INFO - Token value: 1234
2023-09-25 00:33:32,204 - __main__ - INFO - Weather in Berlin: 11.97
2023-10-02 00:33:45,247 - __main__ - INFO - Token value: 1234
2023-10-02 00:33:45,432 - __main__ - INFO - Weather in Berlin: 16.15
2023-10-09 00:33:46,073 - __main__ - INFO - Token value: 1234
2023-10-09 00:33:46,678 - __main__ - INFO - Weather in Berlin: 10.35
2023-10-16 00:34:12,581 - __main__ - INFO - Token value: 1234
2023-10-16 00:34:13,068 - __main__ - INFO - Weather in Berlin: 6.05
2023-10-23 00:33:38,346 - __main__ - INFO - Token value: 1234
2023-10-23 00:33:38,481 - __main__ - INFO - Weather in Berlin: 11.05
2023-10-30 00:34:04,551 - __main__ - INFO - Token value: 1234
2023-10-30 00:34:05,043 - __main__ - INFO - Weather in Berlin: 12.19
2023-11-04 04:06:04,958 - __main__ - INFO - Token value: 
2023-11-04 04:06:05,470 - __main__ - INFO - Weather in Berlin: 7.08
2023-11-04 06:06:05,275 - __main__ - INFO - Token value: 
2023-11-04 06:06:05,456 - __main__ - INFO - Weather in Berlin: 6.26
2023-11-04 08:06:09,181 - __main__ - INFO - Token value: 
2023-11-04 08:06:09,889 - __main__ - INFO - Weather in Berlin: 6.76
2023-11-04 10:05:44,366 - __main__ - INFO - Token value: 
2023-11-04 10:05:44,614 - __main__ - INFO - Weather in Berlin: 10.1
2023-11-04 12:06:56,624 - __main__ - INFO - Token value: 
2023-11-04 12:06:57,101 - __main__ - INFO - Weather in Berlin: 11.36
2023-11-04 14:05:31,980 - __main__ - INFO - Token value: 
2023-11-04 14:05:32,166 - __main__ - INFO - Weather in Berlin: 11.19
2023-11-04 16:05:39,329 - __main__ - INFO - Token value: 
2023-11-04 16:05:39,977 - __main__ - INFO - Weather in Berlin: 10.44
2023-11-04 18:05:56,141 - __main__ - INFO - Token value: 
2023-11-04 18:05:56,356 - __main__ - INFO - Weather in Berlin: 8.69
2023-11-04 20:05:32,802 - __main__ - INFO - Token value: 
2023-11-04 20:05:33,353 - __main__ - INFO - Weather in Berlin: 9.06
2023-11-04 22:05:19,631 - __main__ - INFO - Token value: 
2023-11-04 22:05:20,091 - __main__ - INFO - Weather in Berlin: 8.98
2023-11-05 00:21:55,964 - __main__ - INFO - Token value: 
2023-11-05 00:21:56,107 - __main__ - INFO - Weather in Berlin: 8.6
2023-11-05 02:14:21,594 - __main__ - INFO - Token value: 
2023-11-05 02:14:21,811 - __main__ - INFO - Weather in Berlin: 9.07
2023-11-05 04:06:06,535 - __main__ - INFO - Token value: 
2023-11-05 04:06:07,159 - __main__ - INFO - Weather in Berlin: 8.48
2023-11-05 06:06:03,473 - __main__ - INFO - Token value: 
2023-11-05 06:06:03,918 - __main__ - INFO - Weather in Berlin: 8.61
2023-11-05 08:06:21,675 - __main__ - INFO - Token value: 
2023-11-05 08:06:22,265 - __main__ - INFO - Weather in Berlin: 8.7
2023-11-05 10:05:43,696 - __main__ - INFO - Token value: 
2023-11-05 10:05:44,351 - __main__ - INFO - Weather in Berlin: 9.63
2023-11-05 12:07:03,512 - __main__ - INFO - Token value: 
2023-11-05 12:07:04,177 - __main__ - INFO - Weather in Berlin: 10.31
2023-11-05 14:05:27,534 - __main__ - INFO - Token value: 
2023-11-05 14:05:27,667 - __main__ - INFO - Weather in Berlin: 12.5
2023-11-05 16:05:49,190 - __main__ - INFO - Token value: 
2023-11-05 16:05:49,399 - __main__ - INFO - Weather in Berlin: 12.32
2023-11-05 18:06:00,543 - __main__ - INFO - Token value: 
2023-11-05 18:06:00,853 - __main__ - INFO - Weather in Berlin: 11.56
2023-11-05 20:05:54,580 - __main__ - INFO - Token value: 
2023-11-05 20:05:55,259 - __main__ - INFO - Weather in Berlin: 10.64
2023-11-05 22:05:48,621 - __main__ - INFO - Token value: 
2023-11-05 22:05:48,827 - __main__ - INFO - Weather in Berlin: 10.24
2023-11-06 00:20:57,233 - __main__ - INFO - Token value: 
2023-11-06 00:20:57,737 - __main__ - INFO - Weather in Berlin: 10.48
2023-11-06 02:14:26,404 - __main__ - INFO - Token value: 
2023-11-06 02:14:26,535 - __main__ - INFO - Weather in Berlin: 10.51
2023-11-06 04:06:02,699 - __main__ - INFO - Token value: 
2023-11-06 04:06:03,581 - __main__ - INFO - Weather in Berlin: 10.11
2023-11-06 06:06:42,677 - __main__ - INFO - Token value: 
2023-11-06 06:06:43,201 - __main__ - INFO - Weather in Berlin: 9.63
2023-11-06 08:06:56,826 - __main__ - INFO - Token value: 
2023-11-06 08:06:57,414 - __main__ - INFO - Weather in Berlin: 10.4
2023-11-06 10:05:59,786 - __main__ - INFO - Token value: 
2023-11-06 10:06:00,122 - __main__ - INFO - Weather in Berlin: 11.56
2023-11-06 12:08:32,432 - __main__ - INFO - Token value: 
2023-11-06 12:08:32,962 - __main__ - INFO - Weather in Berlin: 12.99
2023-11-06 14:05:50,404 - __main__ - INFO - Token value: 
2023-11-06 14:05:50,887 - __main__ - INFO - Weather in Berlin: 12.82
2023-11-06 16:06:14,232 - __main__ - INFO - Token value: 
2023-11-06 16:06:14,461 - __main__ - INFO - Weather in Berlin: 12.58
2023-11-06 18:06:09,382 - __main__ - INFO - Token value: 
2023-11-06 18:06:09,643 - __main__ - INFO - Weather in Berlin: 11.17
2023-11-06 20:05:47,026 - __main__ - INFO - Token value: 
2023-11-06 20:05:47,190 - __main__ - INFO - Weather in Berlin: 10.62
2023-11-06 22:05:32,564 - __main__ - INFO - Token value: 
2023-11-06 22:05:32,950 - __main__ - INFO - Weather in Berlin: 9.3
2023-11-07 00:20:35,643 - __main__ - INFO - Token value: 
2023-11-07 00:20:36,351 - __main__ - INFO - Weather in Berlin: 9.92
2023-11-07 02:13:33,007 - __main__ - INFO - Token value: 
2023-11-07 02:13:33,606 - __main__ - INFO - Weather in Berlin: 8.64
2023-11-07 04:06:03,677 - __main__ - INFO - Token value: 
2023-11-07 04:06:04,387 - __main__ - INFO - Weather in Berlin: 8.15
2023-11-07 06:06:19,380 - __main__ - INFO - Token value: 
2023-11-07 06:06:19,849 - __main__ - INFO - Weather in Berlin: 8.07
2023-11-07 08:06:31,791 - __main__ - INFO - Token value: 
2023-11-07 08:06:32,078 - __main__ - INFO - Weather in Berlin: 8.47
2023-11-07 10:05:49,317 - __main__ - INFO - Token value: 
2023-11-07 10:05:49,424 - __main__ - INFO - Weather in Berlin: 10.45
2023-11-07 12:07:49,086 - __main__ - INFO - Token value: 
2023-11-07 12:07:49,283 - __main__ - INFO - Weather in Berlin: 12.82
2023-11-07 14:05:35,292 - __main__ - INFO - Token value: 
2023-11-07 14:05:35,814 - __main__ - INFO - Weather in Berlin: 12.45
2023-11-07 16:05:57,346 - __main__ - INFO - Token value: 
2023-11-07 16:05:57,820 - __main__ - INFO - Weather in Berlin: 11.4
2023-11-07 18:06:00,134 - __main__ - INFO - Token value: 
2023-11-07 18:06:00,345 - __main__ - INFO - Weather in Berlin: 9.83
2023-11-07 20:05:43,071 - __main__ - INFO - Token value: 
2023-11-07 20:05:43,817 - __main__ - INFO - Weather in Berlin: 8.88
2023-11-07 22:05:34,638 - __main__ - INFO - Token value: 
2023-11-07 22:05:35,220 - __main__ - INFO - Weather in Berlin: 8.21
2023-11-08 00:20:09,281 - __main__ - INFO - Token value: 
2023-11-08 00:20:09,534 - __main__ - INFO - Weather in Berlin: 7.83
2023-11-08 02:12:43,382 - __main__ - INFO - Token value: 
2023-11-08 02:12:43,967 - __main__ - INFO - Weather in Berlin: 8.28
2023-11-08 04:05:51,794 - __main__ - INFO - Token value: 
2023-11-08 04:05:52,004 - __main__ - INFO - Weather in Berlin: 7.26
2023-11-08 06:06:20,505 - __main__ - INFO - Token value: 
2023-11-08 06:06:20,651 - __main__ - INFO - Weather in Berlin: 7.65
2023-11-08 08:06:20,000 - __main__ - INFO - Token value: 
2023-11-08 08:06:20,107 - __main__ - INFO - Weather in Berlin: 8.21
2023-11-08 10:05:43,865 - __main__ - INFO - Token value: 
2023-11-08 10:05:44,275 - __main__ - INFO - Weather in Berlin: 9.09
2023-11-08 12:07:28,404 - __main__ - INFO - Token value: 
2023-11-08 12:07:28,675 - __main__ - INFO - Weather in Berlin: 10.89
2023-11-08 14:05:40,280 - __main__ - INFO - Token value: 
2023-11-08 14:05:40,615 - __main__ - INFO - Weather in Berlin: 11.39
2023-11-08 16:06:02,735 - __main__ - INFO - Token value: 
2023-11-08 16:06:03,342 - __main__ - INFO - Weather in Berlin: 9.77
2023-11-08 18:06:04,803 - __main__ - INFO - Token value: 
2023-11-08 18:06:04,959 - __main__ - INFO - Weather in Berlin: 8.74
2023-11-08 20:05:47,889 - __main__ - INFO - Token value: 
2023-11-08 20:05:48,058 - __main__ - INFO - Weather in Berlin: 8.29
2023-11-08 22:05:47,412 - __main__ - INFO - Token value: 
2023-11-08 22:05:47,903 - __main__ - INFO - Weather in Berlin: 7.8
2023-11-09 00:20:06,260 - __main__ - INFO - Token value: 
2023-11-09 00:20:07,604 - __main__ - INFO - Weather in Berlin: 6.77
2023-11-09 02:13:04,666 - __main__ - INFO - Token value: 
2023-11-09 02:13:04,834 - __main__ - INFO - Weather in Berlin: 6.85
2023-11-09 04:05:58,700 - __main__ - INFO - Token value: 
2023-11-09 04:05:59,138 - __main__ - INFO - Weather in Berlin: 6.93
2023-11-09 06:06:22,065 - __main__ - INFO - Token value: 
2023-11-09 06:06:22,538 - __main__ - INFO - Weather in Berlin: 8.5
2023-11-09 08:06:47,566 - __main__ - INFO - Token value: 
2023-11-09 08:06:48,061 - __main__ - INFO - Weather in Berlin: 9.05
2023-11-09 10:05:52,930 - __main__ - INFO - Token value: 
2023-11-09 10:05:53,436 - __main__ - INFO - Weather in Berlin: 10.1
2023-11-09 12:07:30,734 - __main__ - INFO - Token value: 
2023-11-09 12:07:31,578 - __main__ - INFO - Weather in Berlin: 11.56
2023-11-09 14:05:39,032 - __main__ - INFO - Token value: 
2023-11-09 14:05:39,484 - __main__ - INFO - Weather in Berlin: 11.87
2023-11-09 16:05:55,289 - __main__ - INFO - Token value: 
2023-11-09 16:05:55,783 - __main__ - INFO - Weather in Berlin: 10.88
2023-11-09 18:06:22,372 - __main__ - INFO - Token value: 
2023-11-09 18:06:22,910 - __main__ - INFO - Weather in Berlin: 10.68
2023-11-09 20:05:51,962 - __main__ - INFO - Token value: 
2023-11-09 20:05:52,562 - __main__ - INFO - Weather in Berlin: 10.46
2023-11-09 22:05:35,719 - __main__ - INFO - Token value: 
2023-11-09 22:05:36,204 - __main__ - INFO - Weather in Berlin: 9.9
2023-11-10 00:20:11,230 - __main__ - INFO - Token value: 
2023-11-10 00:20:11,499 - __main__ - INFO - Weather in Berlin: 9.1
2023-11-10 02:13:01,886 - __main__ - INFO - Token value: 
2023-11-10 02:13:02,494 - __main__ - INFO - Weather in Berlin: 8.33
2023-11-10 04:06:16,431 - __main__ - INFO - Token value: 
2023-11-10 04:06:16,917 - __main__ - INFO - Weather in Berlin: 7.98
2023-11-10 06:06:23,527 - __main__ - INFO - Token value: 
2023-11-10 06:06:23,949 - __main__ - INFO - Weather in Berlin: 8.19
2023-11-10 08:06:21,746 - __main__ - INFO - Token value: 
2023-11-10 08:06:22,444 - __main__ - INFO - Weather in Berlin: 8.19
2023-11-10 10:05:49,769 - __main__ - INFO - Token value: 
2023-11-10 10:05:50,261 - __main__ - INFO - Weather in Berlin: 9.94
2023-11-10 12:07:33,291 - __main__ - INFO - Token value: 
2023-11-10 12:07:33,893 - __main__ - INFO - Weather in Berlin: 10.82
2023-11-10 14:05:33,048 - __main__ - INFO - Token value: 
2023-11-10 14:05:33,573 - __main__ - INFO - Weather in Berlin: 10.91
2023-11-10 16:05:52,922 - __main__ - INFO - Token value: 
2023-11-10 16:05:53,532 - __main__ - INFO - Weather in Berlin: 9.97
2023-11-10 18:06:10,705 - __main__ - INFO - Token value: 
2023-11-10 18:06:10,854 - __main__ - INFO - Weather in Berlin: 9.02
2023-11-10 20:05:42,201 - __main__ - INFO - Token value: 
2023-11-10 20:05:42,740 - __main__ - INFO - Weather in Berlin: 8.04
2023-11-10 22:05:32,584 - __main__ - INFO - Token value: 
2023-11-10 22:05:33,027 - __main__ - INFO - Weather in Berlin: 6.96
2023-11-11 00:19:56,111 - __main__ - INFO - Token value: 
2023-11-11 00:19:56,704 - __main__ - INFO - Weather in Berlin: 5.56
2023-11-11 02:30:30,641 - __main__ - INFO - Token value: 
2023-11-11 02:30:30,784 - __main__ - INFO - Weather in Berlin: 5.54
2023-11-11 04:06:07,536 - __main__ - INFO - Token value: 
2023-11-11 04:06:07,734 - __main__ - INFO - Weather in Berlin: 4.37
2023-11-11 06:05:59,312 - __main__ - INFO - Token value: 
2023-11-11 06:05:59,841 - __main__ - INFO - Weather in Berlin: 4.45
2023-11-11 08:06:07,928 - __main__ - INFO - Token value: 
2023-11-11 08:06:08,321 - __main__ - INFO - Weather in Berlin: 5.29
2023-11-11 10:05:28,027 - __main__ - INFO - Token value: 
2023-11-11 10:05:28,609 - __main__ - INFO - Weather in Berlin: 7.41
2023-11-11 12:06:46,025 - __main__ - INFO - Token value: 
2023-11-11 12:06:46,573 - __main__ - INFO - Weather in Berlin: 8.52
2023-11-11 14:05:30,660 - __main__ - INFO - Token value: 
2023-11-11 14:05:31,125 - __main__ - INFO - Weather in Berlin: 9.15
2023-11-11 16:06:01,006 - __main__ - INFO - Token value: 
2023-11-11 16:06:01,188 - __main__ - INFO - Weather in Berlin: 8.2
2023-11-11 18:05:52,353 - __main__ - INFO - Token value: 
2023-11-11 18:05:52,878 - __main__ - INFO - Weather in Berlin: 7.0
2023-11-11 20:05:33,635 - __main__ - INFO - Token value: 
2023-11-11 20:05:34,097 - __main__ - INFO - Weather in Berlin: 6.68
2023-11-11 22:05:19,993 - __main__ - INFO - Token value: 
2023-11-11 22:05:20,389 - __main__ - INFO - Weather in Berlin: 6.33
2023-11-12 00:22:12,844 - __main__ - INFO - Token value: 
2023-11-12 00:22:13,374 - __main__ - INFO - Weather in Berlin: 6.23
2023-11-12 02:15:09,404 - __main__ - INFO - Token value: 
2023-11-12 02:15:09,851 - __main__ - INFO - Weather in Berlin: 6.09
2023-11-12 04:05:51,464 - __main__ - INFO - Token value: 
2023-11-12 04:05:52,130 - __main__ - INFO - Weather in Berlin: 6.03
2023-11-12 06:06:05,308 - __main__ - INFO - Token value: 
2023-11-12 06:06:05,719 - __main__ - INFO - Weather in Berlin: 5.91
2023-11-12 08:05:50,611 - __main__ - INFO - Token value: 
2023-11-12 08:05:51,143 - __main__ - INFO - Weather in Berlin: 5.89
2023-11-12 10:05:31,857 - __main__ - INFO - Token value: 
2023-11-12 10:05:32,121 - __main__ - INFO - Weather in Berlin: 7.06
2023-11-12 12:07:04,001 - __main__ - INFO - Token value: 
2023-11-12 12:07:04,640 - __main__ - INFO - Weather in Berlin: 7.56
2023-11-12 14:18:10,683 - __main__ - INFO - Token value: 
2023-11-12 14:18:11,443 - __main__ - INFO - Weather in Berlin: 8.23
2023-11-12 16:06:01,510 - __main__ - INFO - Token value: 
2023-11-12 16:06:01,749 - __main__ - INFO - Weather in Berlin: 7.67
2023-11-12 18:05:58,459 - __main__ - INFO - Token value: 
2023-11-12 18:05:58,565 - __main__ - INFO - Weather in Berlin: 7.28
2023-11-12 20:05:45,141 - __main__ - INFO - Token value: 
2023-11-12 20:05:45,326 - __main__ - INFO - Weather in Berlin: 6.8
2023-11-12 22:05:23,529 - __main__ - INFO - Token value: 
2023-11-12 22:05:23,671 - __main__ - INFO - Weather in Berlin: 5.89
2023-11-13 00:21:24,005 - __main__ - INFO - Token value: 
2023-11-13 00:21:24,302 - __main__ - INFO - Weather in Berlin: 6.07
2023-11-13 02:14:47,554 - __main__ - INFO - Token value: 
2023-11-13 02:14:47,755 - __main__ - INFO - Weather in Berlin: 5.86
2023-11-13 04:06:07,849 - __main__ - INFO - Token value: 
2023-11-13 04:06:08,517 - __main__ - INFO - Weather in Berlin: 5.3
2023-11-13 06:07:02,348 - __main__ - INFO - Token value: 
2023-11-13 06:07:03,013 - __main__ - INFO - Weather in Berlin: 5.23
2023-11-13 08:06:46,423 - __main__ - INFO - Token value: 
2023-11-13 08:06:47,003 - __main__ - INFO - Weather in Berlin: 5.65
2023-11-13 10:05:53,478 - __main__ - INFO - Token value: 
2023-11-13 10:05:53,784 - __main__ - INFO - Weather in Berlin: 6.35
2023-11-13 12:08:08,995 - __main__ - INFO - Token value: 
2023-11-13 12:08:09,135 - __main__ - INFO - Weather in Berlin: 8.74
2023-11-13 14:05:49,930 - __main__ - INFO - Token value: 
2023-11-13 14:05:50,130 - __main__ - INFO - Weather in Berlin: 8.89
2023-11-13 16:05:59,610 - __main__ - INFO - Token value: 
2023-11-13 16:05:59,758 - __main__ - INFO - Weather in Berlin: 8.4
2023-11-13 18:06:21,091 - __main__ - INFO - Token value: 
2023-11-13 18:06:21,546 - __main__ - INFO - Weather in Berlin: 7.68
2023-11-13 20:05:49,079 - __main__ - INFO - Token value: 
2023-11-13 20:05:49,828 - __main__ - INFO - Weather in Berlin: 7.46
2023-11-13 22:05:32,204 - __main__ - INFO - Token value: 
2023-11-13 22:05:32,821 - __main__ - INFO - Weather in Berlin: 7.78
2023-11-14 00:20:35,856 - __main__ - INFO - Token value: 
2023-11-14 00:20:36,134 - __main__ - INFO - Weather in Berlin: 8.87
2023-11-14 02:13:20,761 - __main__ - INFO - Token value: 
2023-11-14 02:13:20,941 - __main__ - INFO - Weather in Berlin: 8.96
2023-11-14 04:06:08,585 - __main__ - INFO - Token value: 
2023-11-14 04:06:09,725 - __main__ - INFO - Weather in Berlin: 9.75
2023-11-14 06:06:21,622 - __main__ - INFO - Token value: 
2023-11-14 06:06:22,158 - __main__ - INFO - Weather in Berlin: 9.99
2023-11-14 08:06:32,657 - __main__ - INFO - Token value: 
2023-11-14 08:06:33,375 - __main__ - INFO - Weather in Berlin: 10.81
2023-11-14 10:05:57,350 - __main__ - INFO - Token value: 
2023-11-14 10:05:57,781 - __main__ - INFO - Weather in Berlin: 11.81
2023-11-14 12:07:51,466 - __main__ - INFO - Token value: 
2023-11-14 12:07:51,573 - __main__ - INFO - Weather in Berlin: 13.03
2023-11-14 14:05:39,478 - __main__ - INFO - Token value: 
2023-11-14 14:05:40,013 - __main__ - INFO - Weather in Berlin: 12.87
2023-11-14 16:05:52,316 - __main__ - INFO - Token value: 
2023-11-14 16:05:52,895 - __main__ - INFO - Weather in Berlin: 11.63
2023-11-14 18:06:12,111 - __main__ - INFO - Token value: 
2023-11-14 18:06:12,260 - __main__ - INFO - Weather in Berlin: 11.26
2023-11-14 20:05:30,246 - __main__ - INFO - Token value: 
2023-11-14 20:05:30,364 - __main__ - INFO - Weather in Berlin: 10.41
2023-11-14 22:05:36,930 - __main__ - INFO - Token value: 
2023-11-14 22:05:37,057 - __main__ - INFO - Weather in Berlin: 9.76
2023-11-15 00:20:46,160 - __main__ - INFO - Token value: 
2023-11-15 00:20:46,691 - __main__ - INFO - Weather in Berlin: 9.56
2023-11-15 02:15:21,052 - __main__ - INFO - Token value: 
2023-11-15 02:15:21,592 - __main__ - INFO - Weather in Berlin: 9.48
2023-11-15 04:06:12,674 - __main__ - INFO - Token value: 
2023-11-15 04:06:13,209 - __main__ - INFO - Weather in Berlin: 9.46
2023-11-15 06:06:33,958 - __main__ - INFO - Token value: 
2023-11-15 06:06:34,174 - __main__ - INFO - Weather in Berlin: 8.09
2023-11-15 08:06:41,071 - __main__ - INFO - Token value: 
2023-11-15 08:06:41,217 - __main__ - INFO - Weather in Berlin: 7.29
2023-11-15 10:05:57,365 - __main__ - INFO - Token value: 
2023-11-15 10:05:58,298 - __main__ - INFO - Weather in Berlin: 8.05
2023-11-15 12:07:45,885 - __main__ - INFO - Token value: 
2023-11-15 12:07:46,252 - __main__ - INFO - Weather in Berlin: 8.25
2023-11-15 14:05:49,218 - __main__ - INFO - Token value: 
2023-11-15 14:05:49,822 - __main__ - INFO - Weather in Berlin: 8.8
2023-11-15 16:06:08,147 - __main__ - INFO - Token value: 
2023-11-15 16:06:08,254 - __main__ - INFO - Weather in Berlin: 8.5
2023-11-15 18:06:06,993 - __main__ - INFO - Token value: 
2023-11-15 18:06:07,685 - __main__ - INFO - Weather in Berlin: 7.14
2023-11-15 20:05:55,408 - __main__ - INFO - Token value: 
2023-11-15 20:05:55,911 - __main__ - INFO - Weather in Berlin: 6.31
2023-11-15 22:05:36,616 - __main__ - INFO - Token value: 
2023-11-15 22:05:37,338 - __main__ - INFO - Weather in Berlin: 6.63
2023-11-16 00:21:06,402 - __main__ - INFO - Token value: 
2023-11-16 00:21:06,679 - __main__ - INFO - Weather in Berlin: 6.79
2023-11-16 02:16:14,431 - __main__ - INFO - Token value: 
2023-11-16 02:16:15,339 - __main__ - INFO - Weather in Berlin: 7.15
2023-11-16 04:06:20,395 - __main__ - INFO - Token value: 
2023-11-16 04:06:20,935 - __main__ - INFO - Weather in Berlin: 7.33
2023-11-16 06:06:41,631 - __main__ - INFO - Token value: 
2023-11-16 06:06:42,305 - __main__ - INFO - Weather in Berlin: 7.34
2023-11-16 08:06:42,794 - __main__ - INFO - Token value: 
2023-11-16 08:06:42,944 - __main__ - INFO - Weather in Berlin: 7.84
2023-11-16 10:05:53,442 - __main__ - INFO - Token value: 
2023-11-16 10:05:53,589 - __main__ - INFO - Weather in Berlin: 8.11
2023-11-16 12:07:47,039 - __main__ - INFO - Token value: 
2023-11-16 12:07:47,325 - __main__ - INFO - Weather in Berlin: 8.73
2023-11-16 14:05:45,950 - __main__ - INFO - Token value: 
2023-11-16 14:05:46,135 - __main__ - INFO - Weather in Berlin: 8.12
2023-11-16 16:06:11,158 - __main__ - INFO - Token value: 
2023-11-16 16:06:11,262 - __main__ - INFO - Weather in Berlin: 6.44
2023-11-16 18:06:27,722 - __main__ - INFO - Token value: 
2023-11-16 18:06:28,246 - __main__ - INFO - Weather in Berlin: 5.42
2023-11-16 20:05:50,910 - __main__ - INFO - Token value: 
2023-11-16 20:05:51,808 - __main__ - INFO - Weather in Berlin: 5.18
2023-11-16 22:05:34,174 - __main__ - INFO - Token value: 
2023-11-16 22:05:35,060 - __main__ - INFO - Weather in Berlin: 3.88
2023-11-17 00:20:54,582 - __main__ - INFO - Token value: 
2023-11-17 00:20:55,168 - __main__ - INFO - Weather in Berlin: 3.01
2023-11-17 02:15:41,481 - __main__ - INFO - Token value: 
2023-11-17 02:15:41,626 - __main__ - INFO - Weather in Berlin: 2.91
2023-11-17 04:06:08,998 - __main__ - INFO - Token value: 
2023-11-17 04:06:09,200 - __main__ - INFO - Weather in Berlin: 3.23
2023-11-17 06:06:37,518 - __main__ - INFO - Token value: 
2023-11-17 06:06:37,656 - __main__ - INFO - Weather in Berlin: 3.21
2023-11-17 08:06:36,415 - __main__ - INFO - Token value: 
2023-11-17 08:06:36,853 - __main__ - INFO - Weather in Berlin: 3.43
2023-11-17 10:05:51,086 - __main__ - INFO - Token value: 
2023-11-17 10:05:51,288 - __main__ - INFO - Weather in Berlin: 4.03
2023-11-17 12:07:44,337 - __main__ - INFO - Token value: 
2023-11-17 12:07:44,966 - __main__ - INFO - Weather in Berlin: 4.78
2023-11-17 14:05:39,961 - __main__ - INFO - Token value: 
2023-11-17 14:05:40,098 - __main__ - INFO - Weather in Berlin: 5.27
2023-11-17 16:07:02,012 - __main__ - INFO - Token value: 
2023-11-17 16:07:02,285 - __main__ - INFO - Weather in Berlin: 5.5
2023-11-17 18:06:09,169 - __main__ - INFO - Token value: 
2023-11-17 18:06:09,655 - __main__ - INFO - Weather in Berlin: 4.92
2023-11-17 20:05:59,909 - __main__ - INFO - Token value: 
2023-11-17 20:06:00,474 - __main__ - INFO - Weather in Berlin: 4.83
2023-11-17 22:05:36,252 - __main__ - INFO - Token value: 
2023-11-17 22:05:36,609 - __main__ - INFO - Weather in Berlin: 4.87
2023-11-18 00:20:30,066 - __main__ - INFO - Token value: 
2023-11-18 00:20:30,221 - __main__ - INFO - Weather in Berlin: 4.87
2023-11-18 02:14:20,737 - __main__ - INFO - Token value: 
2023-11-18 02:14:21,278 - __main__ - INFO - Weather in Berlin: 5.01
2023-11-18 04:06:06,295 - __main__ - INFO - Token value: 
2023-11-18 04:06:06,479 - __main__ - INFO - Weather in Berlin: 4.67
2023-11-18 06:06:11,636 - __main__ - INFO - Token value: 
2023-11-18 06:06:12,368 - __main__ - INFO - Weather in Berlin: 4.65
2023-11-18 08:05:56,184 - __main__ - INFO - Token value: 
2023-11-18 08:05:56,923 - __main__ - INFO - Weather in Berlin: 4.29
2023-11-18 10:05:36,606 - __main__ - INFO - Token value: 
2023-11-18 10:05:37,158 - __main__ - INFO - Weather in Berlin: 5.17
2023-11-18 12:07:10,652 - __main__ - INFO - Token value: 
2023-11-18 12:07:11,319 - __main__ - INFO - Weather in Berlin: 5.69
2023-11-18 14:05:16,045 - __main__ - INFO - Token value: 
2023-11-18 14:05:16,187 - __main__ - INFO - Weather in Berlin: 6.1
2023-11-18 16:05:41,989 - __main__ - INFO - Token value: 
2023-11-18 16:05:42,136 - __main__ - INFO - Weather in Berlin: 4.89
2023-11-18 18:06:05,017 - __main__ - INFO - Token value: 
2023-11-18 18:06:05,768 - __main__ - INFO - Weather in Berlin: 3.93
2023-11-18 20:05:45,570 - __main__ - INFO - Token value: 
2023-11-18 20:05:45,902 - __main__ - INFO - Weather in Berlin: 4.0
2023-11-18 22:05:28,213 - __main__ - INFO - Token value: 
2023-11-18 22:05:28,357 - __main__ - INFO - Weather in Berlin: 4.35
2023-11-19 00:22:57,448 - __main__ - INFO - Token value: 
2023-11-19 00:22:57,755 - __main__ - INFO - Weather in Berlin: 4.12
2023-11-19 02:17:18,101 - __main__ - INFO - Token value: 
2023-11-19 02:17:18,245 - __main__ - INFO - Weather in Berlin: 4.52
2023-11-19 04:05:59,072 - __main__ - INFO - Token value: 
2023-11-19 04:05:59,376 - __main__ - INFO - Weather in Berlin: 4.78
2023-11-19 06:06:10,052 - __main__ - INFO - Token value: 
2023-11-19 06:06:10,583 - __main__ - INFO - Weather in Berlin: 4.36
2023-11-19 08:06:05,352 - __main__ - INFO - Token value: 
2023-11-19 08:06:05,460 - __main__ - INFO - Weather in Berlin: 4.67
2023-11-19 10:05:39,776 - __main__ - INFO - Token value: 
2023-11-19 10:05:39,915 - __main__ - INFO - Weather in Berlin: 6.05
2023-11-19 12:07:08,447 - __main__ - INFO - Token value: 
2023-11-19 12:07:08,594 - __main__ - INFO - Weather in Berlin: 10.46
2023-11-19 14:05:17,158 - __main__ - INFO - Token value: 
2023-11-19 14:05:17,311 - __main__ - INFO - Weather in Berlin: 11.58
2023-11-19 16:05:43,025 - __main__ - INFO - Token value: 
2023-11-19 16:05:43,791 - __main__ - INFO - Weather in Berlin: 10.81
2023-11-19 18:05:56,918 - __main__ - INFO - Token value: 
2023-11-19 18:05:57,158 - __main__ - INFO - Weather in Berlin: 10.49
2023-11-19 20:05:44,672 - __main__ - INFO - Token value: 
2023-11-19 20:05:45,149 - __main__ - INFO - Weather in Berlin: 9.71
2023-11-19 22:05:26,973 - __main__ - INFO - Token value: 
2023-11-19 22:05:27,119 - __main__ - INFO - Weather in Berlin: 9.58
2023-11-20 00:21:41,311 - __main__ - INFO - Token value: 
2023-11-20 00:21:41,419 - __main__ - INFO - Weather in Berlin: 9.57
2023-11-20 02:16:31,355 - __main__ - INFO - Token value: 
2023-11-20 02:16:31,659 - __main__ - INFO - Weather in Berlin: 9.49
2023-11-20 04:06:29,130 - __main__ - INFO - Token value: 
2023-11-20 04:06:29,671 - __main__ - INFO - Weather in Berlin: 9.45
2023-11-20 06:07:14,043 - __main__ - INFO - Token value: 
2023-11-20 06:07:14,849 - __main__ - INFO - Weather in Berlin: 9.19
2023-11-20 08:07:06,114 - __main__ - INFO - Token value: 
2023-11-20 08:07:06,402 - __main__ - INFO - Weather in Berlin: 9.19
2023-11-20 10:05:59,904 - __main__ - INFO - Token value: 
2023-11-20 10:06:00,443 - __main__ - INFO - Weather in Berlin: 9.95
2023-11-20 12:08:10,818 - __main__ - INFO - Token value: 
2023-11-20 12:08:11,174 - __main__ - INFO - Weather in Berlin: 10.54
2023-11-20 14:05:48,098 - __main__ - INFO - Token value: 
2023-11-20 14:05:48,546 - __main__ - INFO - Weather in Berlin: 10.72
2023-11-20 16:06:10,879 - __main__ - INFO - Token value: 
2023-11-20 16:06:11,578 - __main__ - INFO - Weather in Berlin: 10.47
2023-11-20 18:06:33,610 - __main__ - INFO - Token value: 
2023-11-20 18:06:33,807 - __main__ - INFO - Weather in Berlin: 10.08
2023-11-20 20:05:46,673 - __main__ - INFO - Token value: 
2023-11-20 20:05:47,222 - __main__ - INFO - Weather in Berlin: 9.0
2023-11-20 22:05:53,500 - __main__ - INFO - Token value: 
2023-11-20 22:05:53,787 - __main__ - INFO - Weather in Berlin: 8.56
2023-11-21 00:21:29,167 - __main__ - INFO - Token value: 
2023-11-21 00:21:29,277 - __main__ - INFO - Weather in Berlin: 8.0
2023-11-21 02:17:45,478 - __main__ - INFO - Token value: 
2023-11-21 02:17:45,625 - __main__ - INFO - Weather in Berlin: 6.28
2023-11-21 04:06:16,094 - __main__ - INFO - Token value: 
2023-11-21 04:06:16,255 - __main__ - INFO - Weather in Berlin: 5.8
2023-11-21 06:06:39,127 - __main__ - INFO - Token value: 
2023-11-21 06:06:39,506 - __main__ - INFO - Weather in Berlin: 5.23
2023-11-21 08:06:46,051 - __main__ - INFO - Token value: 
2023-11-21 08:06:46,522 - __main__ - INFO - Weather in Berlin: 4.7
2023-11-21 10:11:07,802 - __main__ - INFO - Token value: 
2023-11-21 10:11:08,005 - __main__ - INFO - Weather in Berlin: 4.45
2023-11-21 12:08:05,552 - __main__ - INFO - Token value: 
2023-11-21 12:08:05,816 - __main__ - INFO - Weather in Berlin: 4.08
2023-11-21 14:05:44,734 - __main__ - INFO - Token value: 
2023-11-21 14:05:45,217 - __main__ - INFO - Weather in Berlin: 3.78
2023-11-21 16:06:20,337 - __main__ - INFO - Token value: 
2023-11-21 16:06:20,763 - __main__ - INFO - Weather in Berlin: 2.43
2023-11-21 18:06:50,298 - __main__ - INFO - Token value: 
2023-11-21 18:06:50,511 - __main__ - INFO - Weather in Berlin: 2.27
2023-11-21 20:05:47,305 - __main__ - INFO - Token value: 
2023-11-21 20:05:47,720 - __main__ - INFO - Weather in Berlin: 1.78
2023-11-21 22:05:36,174 - __main__ - INFO - Token value: 
2023-11-21 22:05:36,282 - __main__ - INFO - Weather in Berlin: 1.19
2023-11-22 00:21:55,025 - __main__ - INFO - Token value: 
2023-11-22 00:21:55,785 - __main__ - INFO - Weather in Berlin: 0.29
2023-11-22 02:17:21,993 - __main__ - INFO - Token value: 
2023-11-22 02:17:22,276 - __main__ - INFO - Weather in Berlin: 0.07
2023-11-22 04:06:23,669 - __main__ - INFO - Token value: 
2023-11-22 04:06:24,156 - __main__ - INFO - Weather in Berlin: -0.78
2023-11-22 06:06:38,678 - __main__ - INFO - Token value: 
2023-11-22 06:06:39,253 - __main__ - INFO - Weather in Berlin: -1.78
2023-11-22 08:06:52,359 - __main__ - INFO - Token value: 
2023-11-22 08:06:52,845 - __main__ - INFO - Weather in Berlin: -1.73
2023-11-22 10:06:08,746 - __main__ - INFO - Token value: 
2023-11-22 10:06:08,894 - __main__ - INFO - Weather in Berlin: -0.49
2023-11-22 12:08:00,340 - __main__ - INFO - Token value: 
2023-11-22 12:08:00,485 - __main__ - INFO - Weather in Berlin: 2.23
2023-11-22 14:05:48,656 - __main__ - INFO - Token value: 
2023-11-22 14:05:49,067 - __main__ - INFO - Weather in Berlin: 2.41
2023-11-22 16:06:00,009 - __main__ - INFO - Token value: 
2023-11-22 16:06:00,261 - __main__ - INFO - Weather in Berlin: 1.2
2023-11-22 18:06:24,714 - __main__ - INFO - Token value: 
2023-11-22 18:06:24,822 - __main__ - INFO - Weather in Berlin: 0.54
2023-11-22 20:05:48,513 - __main__ - INFO - Token value: 
2023-11-22 20:05:48,662 - __main__ - INFO - Weather in Berlin: -0.15
2023-11-22 22:05:53,334 - __main__ - INFO - Token value: 
2023-11-22 22:05:53,449 - __main__ - INFO - Weather in Berlin: -0.19
2023-11-23 00:21:04,599 - __main__ - INFO - Token value: 
2023-11-23 00:21:05,029 - __main__ - INFO - Weather in Berlin: 1.25
2023-11-23 02:15:06,370 - __main__ - INFO - Token value: 
2023-11-23 02:15:06,472 - __main__ - INFO - Weather in Berlin: 1.89
2023-11-23 04:06:21,647 - __main__ - INFO - Token value: 
2023-11-23 04:06:22,125 - __main__ - INFO - Weather in Berlin: 3.7
2023-11-23 06:06:35,267 - __main__ - INFO - Token value: 
2023-11-23 06:06:35,710 - __main__ - INFO - Weather in Berlin: 5.02
2023-11-23 08:06:38,141 - __main__ - INFO - Token value: 
2023-11-23 08:06:38,748 - __main__ - INFO - Weather in Berlin: 6.08
2023-11-23 10:05:46,481 - __main__ - INFO - Token value: 
2023-11-23 10:05:47,177 - __main__ - INFO - Weather in Berlin: 6.89
2023-11-23 12:08:09,372 - __main__ - INFO - Token value: 
2023-11-23 12:08:10,064 - __main__ - INFO - Weather in Berlin: 7.82
2023-11-23 14:05:38,765 - __main__ - INFO - Token value: 
2023-11-23 14:05:38,876 - __main__ - INFO - Weather in Berlin: 9.74
2023-11-23 16:05:59,556 - __main__ - INFO - Token value: 
2023-11-23 16:05:59,918 - __main__ - INFO - Weather in Berlin: 9.88
2023-11-23 18:05:57,737 - __main__ - INFO - Token value: 
2023-11-23 18:05:58,307 - __main__ - INFO - Weather in Berlin: 10.71
2023-11-23 20:05:41,450 - __main__ - INFO - Token value: 
2023-11-23 20:05:41,884 - __main__ - INFO - Weather in Berlin: 10.68
2023-11-23 22:05:26,544 - __main__ - INFO - Token value: 
2023-11-23 22:05:26,875 - __main__ - INFO - Weather in Berlin: 8.32
2023-11-24 00:20:32,115 - __main__ - INFO - Token value: 
2023-11-24 00:20:33,161 - __main__ - INFO - Weather in Berlin: 7.1
2023-11-24 02:13:53,178 - __main__ - INFO - Token value: 
2023-11-24 02:13:53,715 - __main__ - INFO - Weather in Berlin: 6.6
2023-11-24 04:06:02,886 - __main__ - INFO - Token value: 
2023-11-24 04:06:03,269 - __main__ - INFO - Weather in Berlin: 4.44
2023-11-24 06:06:30,288 - __main__ - INFO - Token value: 
2023-11-24 06:06:30,534 - __main__ - INFO - Weather in Berlin: 4.2
2023-11-24 08:06:26,959 - __main__ - INFO - Token value: 
2023-11-24 08:06:27,071 - __main__ - INFO - Weather in Berlin: 4.36
2023-11-24 10:06:01,203 - __main__ - INFO - Token value: 
2023-11-24 10:06:01,791 - __main__ - INFO - Weather in Berlin: 4.48
2023-11-24 12:07:39,521 - __main__ - INFO - Token value: 
2023-11-24 12:07:39,977 - __main__ - INFO - Weather in Berlin: 5.21
2023-11-24 14:05:35,538 - __main__ - INFO - Token value: 
2023-11-24 14:05:35,989 - __main__ - INFO - Weather in Berlin: 5.63
2023-11-24 16:06:04,203 - __main__ - INFO - Token value: 
2023-11-24 16:06:04,352 - __main__ - INFO - Weather in Berlin: 4.45
2023-11-24 18:06:01,543 - __main__ - INFO - Token value: 
2023-11-24 18:06:01,763 - __main__ - INFO - Weather in Berlin: 3.92
2023-11-24 20:05:40,912 - __main__ - INFO - Token value: 
2023-11-24 20:05:41,565 - __main__ - INFO - Weather in Berlin: 3.44
2023-11-24 22:05:30,218 - __main__ - INFO - Token value: 
2023-11-24 22:05:30,757 - __main__ - INFO - Weather in Berlin: 1.49
2023-11-25 00:20:07,207 - __main__ - INFO - Token value: 
2023-11-25 00:20:07,517 - __main__ - INFO - Weather in Berlin: 0.93
2023-11-25 02:12:21,306 - __main__ - INFO - Token value: 
2023-11-25 02:12:21,457 - __main__ - INFO - Weather in Berlin: 0.85
2023-11-25 04:06:10,674 - __main__ - INFO - Token value: 
2023-11-25 04:06:11,552 - __main__ - INFO - Weather in Berlin: 1.15
2023-11-25 06:06:12,835 - __main__ - INFO - Token value: 
2023-11-25 06:06:12,981 - __main__ - INFO - Weather in Berlin: 1.1
2023-11-25 08:06:07,786 - __main__ - INFO - Token value: 
2023-11-25 08:06:08,299 - __main__ - INFO - Weather in Berlin: 0.49
2023-11-25 10:05:33,009 - __main__ - INFO - Token value: 
2023-11-25 10:05:33,356 - __main__ - INFO - Weather in Berlin: 2.23
2023-11-25 12:07:18,539 - __main__ - INFO - Token value: 
2023-11-25 12:07:19,084 - __main__ - INFO - Weather in Berlin: 2.96
2023-11-25 14:05:32,423 - __main__ - INFO - Token value: 
2023-11-25 14:05:32,777 - __main__ - INFO - Weather in Berlin: 2.05
2023-11-25 16:06:04,438 - __main__ - INFO - Token value: 
2023-11-25 16:06:04,682 - __main__ - INFO - Weather in Berlin: 1.71
2023-11-25 18:05:55,241 - __main__ - INFO - Token value: 
2023-11-25 18:05:55,856 - __main__ - INFO - Weather in Berlin: 1.7
2023-11-25 20:05:36,131 - __main__ - INFO - Token value: 
2023-11-25 20:05:36,451 - __main__ - INFO - Weather in Berlin: 0.9
2023-11-25 22:05:28,736 - __main__ - INFO - Token value: 
2023-11-25 22:05:28,882 - __main__ - INFO - Weather in Berlin: 0.82
2023-11-26 00:22:42,706 - __main__ - INFO - Token value: 
2023-11-26 00:22:43,281 - __main__ - INFO - Weather in Berlin: 0.33
2023-11-26 02:16:31,422 - __main__ - INFO - Token value: 
2023-11-26 02:16:31,968 - __main__ - INFO - Weather in Berlin: 0.16
2023-11-26 04:05:49,963 - __main__ - INFO - Token value: 
2023-11-26 04:05:50,260 - __main__ - INFO - Weather in Berlin: -0.17
2023-11-26 06:06:35,646 - __main__ - INFO - Token value: 
2023-11-26 06:06:35,975 - __main__ - INFO - Weather in Berlin: -0.38
2023-11-26 08:05:57,693 - __main__ - INFO - Token value: 
2023-11-26 08:05:58,219 - __main__ - INFO - Weather in Berlin: -0.57
2023-11-26 10:05:32,445 - __main__ - INFO - Token value: 
2023-11-26 10:05:32,595 - __main__ - INFO - Weather in Berlin: 0.32
2023-11-26 12:07:04,124 - __main__ - INFO - Token value: 
2023-11-26 12:07:04,447 - __main__ - INFO - Weather in Berlin: 1.34
2023-11-26 14:05:19,418 - __main__ - INFO - Token value: 
2023-11-26 14:05:19,765 - __main__ - INFO - Weather in Berlin: 1.66
2023-11-26 16:05:44,098 - __main__ - INFO - Token value: 
2023-11-26 16:05:44,542 - __main__ - INFO - Weather in Berlin: 0.77
2023-11-26 18:06:03,951 - __main__ - INFO - Token value: 
2023-11-26 18:06:04,547 - __main__ - INFO - Weather in Berlin: -0.46
2023-11-26 20:05:38,124 - __main__ - INFO - Token value: 
2023-11-26 20:05:38,783 - __main__ - INFO - Weather in Berlin: -0.2
2023-11-26 22:05:23,480 - __main__ - INFO - Token value: 
2023-11-26 22:05:24,223 - __main__ - INFO - Weather in Berlin: -0.6
2023-11-27 00:21:33,209 - __main__ - INFO - Token value: 
2023-11-27 00:21:33,315 - __main__ - INFO - Weather in Berlin: -0.92
2023-11-27 02:15:51,620 - __main__ - INFO - Token value: 
2023-11-27 02:15:51,762 - __main__ - INFO - Weather in Berlin: -0.66
2023-11-27 04:06:14,260 - __main__ - INFO - Token value: 
2023-11-27 04:06:14,724 - __main__ - INFO - Weather in Berlin: -0.57
2023-11-27 06:07:04,817 - __main__ - INFO - Token value: 
2023-11-27 06:07:05,341 - __main__ - INFO - Weather in Berlin: -0.53
2023-11-27 08:07:24,535 - __main__ - INFO - Token value: 
2023-11-27 08:07:24,685 - __main__ - INFO - Weather in Berlin: -0.09
2023-11-27 10:05:58,900 - __main__ - INFO - Token value: 
2023-11-27 10:05:59,844 - __main__ - INFO - Weather in Berlin: 0.72
2023-11-27 12:08:23,230 - __main__ - INFO - Token value: 
2023-11-27 12:08:23,341 - __main__ - INFO - Weather in Berlin: 1.81
2023-11-27 14:05:53,388 - __main__ - INFO - Token value: 
2023-11-27 14:05:53,533 - __main__ - INFO - Weather in Berlin: 1.7
2023-11-27 16:06:00,120 - __main__ - INFO - Token value: 
2023-11-27 16:06:00,275 - __main__ - INFO - Weather in Berlin: 1.36
2023-11-27 18:06:18,181 - __main__ - INFO - Token value: 
2023-11-27 18:06:18,631 - __main__ - INFO - Weather in Berlin: 0.91
2023-11-27 20:05:38,081 - __main__ - INFO - Token value: 
2023-11-27 20:05:38,346 - __main__ - INFO - Weather in Berlin: 0.35
2023-11-27 22:05:33,924 - __main__ - INFO - Token value: 
2023-11-27 22:05:34,068 - __main__ - INFO - Weather in Berlin: -0.25
2023-11-28 00:21:09,309 - __main__ - INFO - Token value: 
2023-11-28 00:21:09,415 - __main__ - INFO - Weather in Berlin: -0.23
2023-11-28 02:16:27,605 - __main__ - INFO - Token value: 
2023-11-28 02:16:28,403 - __main__ - INFO - Weather in Berlin: -0.52
2023-11-28 04:05:59,930 - __main__ - INFO - Token value: 
2023-11-28 04:06:00,074 - __main__ - INFO - Weather in Berlin: -0.79
2023-11-28 06:06:44,678 - __main__ - INFO - Token value: 
2023-11-28 06:06:45,419 - __main__ - INFO - Weather in Berlin: -1.23
2023-11-28 08:06:50,978 - __main__ - INFO - Token value: 
2023-11-28 08:06:51,269 - __main__ - INFO - Weather in Berlin: -1.31
2023-11-28 10:05:50,348 - __main__ - INFO - Token value: 
2023-11-28 10:05:50,454 - __main__ - INFO - Weather in Berlin: -0.9
2023-11-28 12:07:51,639 - __main__ - INFO - Token value: 
2023-11-28 12:07:51,785 - __main__ - INFO - Weather in Berlin: -0.7
2023-11-28 14:05:42,043 - __main__ - INFO - Token value: 
2023-11-28 14:05:42,576 - __main__ - INFO - Weather in Berlin: -0.46
2023-11-28 16:06:19,150 - __main__ - INFO - Token value: 
2023-11-28 16:06:19,259 - __main__ - INFO - Weather in Berlin: -1.46
2023-11-28 18:06:13,318 - __main__ - INFO - Token value: 
2023-11-28 18:06:13,626 - __main__ - INFO - Weather in Berlin: -2.85
2023-11-28 20:05:56,158 - __main__ - INFO - Token value: 
2023-11-28 20:05:56,650 - __main__ - INFO - Weather in Berlin: -3.31
2023-11-28 22:05:34,700 - __main__ - INFO - Token value: 
2023-11-28 22:05:35,440 - __main__ - INFO - Weather in Berlin: -2.32
2023-11-29 00:21:23,374 - __main__ - INFO - Token value: 
2023-11-29 00:21:23,865 - __main__ - INFO - Weather in Berlin: -2.61
2023-11-29 02:15:43,788 - __main__ - INFO - Token value: 
2023-11-29 02:15:43,930 - __main__ - INFO - Weather in Berlin: -2.83
2023-11-29 04:06:20,818 - __main__ - INFO - Token value: 
2023-11-29 04:06:21,147 - __main__ - INFO - Weather in Berlin: -2.93
2023-11-29 06:06:34,131 - __main__ - INFO - Token value: 
2023-11-29 06:06:34,935 - __main__ - INFO - Weather in Berlin: -2.47
2023-11-29 08:06:58,044 - __main__ - INFO - Token value: 
2023-11-29 08:06:58,856 - __main__ - INFO - Weather in Berlin: -2.14
2023-11-29 10:05:50,824 - __main__ - INFO - Token value: 
2023-11-29 10:05:51,377 - __main__ - INFO - Weather in Berlin: -1.68
2023-11-29 12:08:12,467 - __main__ - INFO - Token value: 
2023-11-29 12:08:12,993 - __main__ - INFO - Weather in Berlin: -0.44
2023-11-29 14:05:38,671 - __main__ - INFO - Token value: 
2023-11-29 14:05:39,337 - __main__ - INFO - Weather in Berlin: -0.11
2023-11-29 16:06:01,047 - __main__ - INFO - Token value: 
2023-11-29 16:06:01,927 - __main__ - INFO - Weather in Berlin: -0.03
2023-11-29 18:06:16,218 - __main__ - INFO - Token value: 
2023-11-29 18:06:16,363 - __main__ - INFO - Weather in Berlin: 0.51
2023-11-29 20:05:47,601 - __main__ - INFO - Token value: 
2023-11-29 20:05:47,746 - __main__ - INFO - Weather in Berlin: 0.53
2023-11-29 22:05:36,383 - __main__ - INFO - Token value: 
2023-11-29 22:05:36,527 - __main__ - INFO - Weather in Berlin: 0.23
2023-11-30 00:21:26,824 - __main__ - INFO - Token value: 
2023-11-30 00:21:27,096 - __main__ - INFO - Weather in Berlin: -0.95
2023-11-30 02:15:40,147 - __main__ - INFO - Token value: 
2023-11-30 02:15:40,629 - __main__ - INFO - Weather in Berlin: -1.39
2023-11-30 04:06:10,390 - __main__ - INFO - Token value: 
2023-11-30 04:06:10,878 - __main__ - INFO - Weather in Berlin: -2.62
2023-11-30 06:06:37,191 - __main__ - INFO - Token value: 
2023-11-30 06:06:37,624 - __main__ - INFO - Weather in Berlin: -4.19
2023-11-30 08:06:50,086 - __main__ - INFO - Token value: 
2023-11-30 08:06:50,757 - __main__ - INFO - Weather in Berlin: -4.06
2023-11-30 10:06:00,862 - __main__ - INFO - Token value: 
2023-11-30 10:06:01,395 - __main__ - INFO - Weather in Berlin: -1.59
2023-11-30 12:08:11,779 - __main__ - INFO - Token value: 
2023-11-30 12:08:12,070 - __main__ - INFO - Weather in Berlin: 0.55
2023-11-30 14:05:49,564 - __main__ - INFO - Token value: 
2023-11-30 14:05:50,107 - __main__ - INFO - Weather in Berlin: 0.05
2023-11-30 16:06:02,408 - __main__ - INFO - Token value: 
2023-11-30 16:06:02,934 - __main__ - INFO - Weather in Berlin: -1.38
2023-11-30 18:06:35,356 - __main__ - INFO - Token value: 
2023-11-30 18:06:35,462 - __main__ - INFO - Weather in Berlin: -2.16
2023-11-30 20:05:43,384 - __main__ - INFO - Token value: 
2023-11-30 20:05:44,070 - __main__ - INFO - Weather in Berlin: -2.59
2023-11-30 22:05:31,809 - __main__ - INFO - Token value: 
2023-11-30 22:05:32,067 - __main__ - INFO - Weather in Berlin: -2.44
2023-12-01 00:23:35,981 - __main__ - INFO - Token value: 
2023-12-01 00:23:36,463 - __main__ - INFO - Weather in Berlin: -2.99
2023-12-01 02:18:47,287 - __main__ - INFO - Token value: 
2023-12-01 02:18:47,767 - __main__ - INFO - Weather in Berlin: -4.2
2023-12-01 04:06:11,336 - __main__ - INFO - Token value: 
2023-12-01 04:06:11,859 - __main__ - INFO - Weather in Berlin: -5.0
2023-12-01 06:06:57,070 - __main__ - INFO - Token value: 
2023-12-01 06:06:57,612 - __main__ - INFO - Weather in Berlin: -5.85
2023-12-01 08:06:38,010 - __main__ - INFO - Token value: 
2023-12-01 08:06:38,477 - __main__ - INFO - Weather in Berlin: -5.42
2023-12-01 10:06:00,548 - __main__ - INFO - Token value: 
2023-12-01 10:06:01,080 - __main__ - INFO - Weather in Berlin: -3.67
2023-12-01 12:08:03,710 - __main__ - INFO - Token value: 
2023-12-01 12:08:04,020 - __main__ - INFO - Weather in Berlin: -1.92
2023-12-01 14:05:43,527 - __main__ - INFO - Token value: 
2023-12-01 14:05:43,631 - __main__ - INFO - Weather in Berlin: -2.25
2023-12-01 16:05:52,851 - __main__ - INFO - Token value: 
2023-12-01 16:05:52,950 - __main__ - INFO - Weather in Berlin: -4.72
2023-12-01 18:06:15,324 - __main__ - INFO - Token value: 
2023-12-01 18:06:15,432 - __main__ - INFO - Weather in Berlin: -4.6
2023-12-01 20:05:50,680 - __main__ - INFO - Token value: 
2023-12-01 20:05:51,447 - __main__ - INFO - Weather in Berlin: -4.82
2023-12-01 22:05:30,949 - __main__ - INFO - Token value: 
2023-12-01 22:05:31,422 - __main__ - INFO - Weather in Berlin: -4.97
2023-12-02 00:20:20,604 - __main__ - INFO - Token value: 
2023-12-02 00:20:20,956 - __main__ - INFO - Weather in Berlin: -5.44
2023-12-02 02:12:33,836 - __main__ - INFO - Token value: 
2023-12-02 02:12:33,976 - __main__ - INFO - Weather in Berlin: -5.64
2023-12-02 04:05:59,076 - __main__ - INFO - Token value: 
2023-12-02 04:05:59,546 - __main__ - INFO - Weather in Berlin: -5.99
2023-12-02 06:06:14,379 - __main__ - INFO - Token value: 
2023-12-02 06:06:14,669 - __main__ - INFO - Weather in Berlin: -6.48
2023-12-02 08:05:53,045 - __main__ - INFO - Token value: 
2023-12-02 08:05:53,570 - __main__ - INFO - Weather in Berlin: -5.81
2023-12-02 10:05:33,347 - __main__ - INFO - Token value: 
2023-12-02 10:05:33,489 - __main__ - INFO - Weather in Berlin: -4.73
2023-12-02 12:07:01,536 - __main__ - INFO - Token value: 
2023-12-02 12:07:02,273 - __main__ - INFO - Weather in Berlin: -3.69
2023-12-02 14:05:16,133 - __main__ - INFO - Token value: 
2023-12-02 14:05:16,542 - __main__ - INFO - Weather in Berlin: -3.73
2023-12-02 16:05:38,822 - __main__ - INFO - Token value: 
2023-12-02 16:05:39,553 - __main__ - INFO - Weather in Berlin: -3.02
2023-12-02 18:05:55,224 - __main__ - INFO - Token value: 
2023-12-02 18:05:55,358 - __main__ - INFO - Weather in Berlin: -2.63
2023-12-02 20:05:34,797 - __main__ - INFO - Token value: 
2023-12-02 20:05:35,180 - __main__ - INFO - Weather in Berlin: -2.31
2023-12-02 22:05:24,014 - __main__ - INFO - Token value: 
2023-12-02 22:05:24,129 - __main__ - INFO - Weather in Berlin: -1.76
2023-12-03 00:22:56,238 - __main__ - INFO - Token value: 
2023-12-03 00:22:56,726 - __main__ - INFO - Weather in Berlin: -1.59
2023-12-03 02:16:19,889 - __main__ - INFO - Token value: 
2023-12-03 02:16:20,244 - __main__ - INFO - Weather in Berlin: -2.11
2023-12-03 04:05:57,872 - __main__ - INFO - Token value: 
2023-12-03 04:05:58,049 - __main__ - INFO - Weather in Berlin: -2.13
2023-12-03 06:06:13,716 - __main__ - INFO - Token value: 
2023-12-03 06:06:13,826 - __main__ - INFO - Weather in Berlin: -1.53
2023-12-03 08:06:16,188 - __main__ - INFO - Token value: 
2023-12-03 08:06:16,658 - __main__ - INFO - Weather in Berlin: -1.77
2023-12-03 10:05:37,875 - __main__ - INFO - Token value: 
2023-12-03 10:05:38,414 - __main__ - INFO - Weather in Berlin: -1.93
2023-12-03 12:07:14,176 - __main__ - INFO - Token value: 
2023-12-03 12:07:14,845 - __main__ - INFO - Weather in Berlin: -1.83
2023-12-03 14:05:26,793 - __main__ - INFO - Token value: 
2023-12-03 14:05:26,900 - __main__ - INFO - Weather in Berlin: -1.37
2023-12-03 16:05:55,846 - __main__ - INFO - Token value: 
2023-12-03 16:05:55,957 - __main__ - INFO - Weather in Berlin: -1.9
2023-12-03 18:05:50,862 - __main__ - INFO - Token value: 
2023-12-03 18:05:51,005 - __main__ - INFO - Weather in Berlin: -2.09
2023-12-03 20:05:47,988 - __main__ - INFO - Token value: 
2023-12-03 20:05:48,782 - __main__ - INFO - Weather in Berlin: -2.68
2023-12-03 22:05:26,553 - __main__ - INFO - Token value: 
2023-12-03 22:05:27,021 - __main__ - INFO - Weather in Berlin: -3.38
2023-12-04 00:21:49,118 - __main__ - INFO - Token value: 
2023-12-04 00:21:49,263 - __main__ - INFO - Weather in Berlin: -4.78
2023-12-04 02:16:36,744 - __main__ - INFO - Token value: 
2023-12-04 02:16:36,848 - __main__ - INFO - Weather in Berlin: -5.08
2023-12-04 04:06:16,342 - __main__ - INFO - Token value: 
2023-12-04 04:06:17,049 - __main__ - INFO - Weather in Berlin: -4.84
2023-12-04 06:07:01,387 - __main__ - INFO - Token value: 
2023-12-04 06:07:01,716 - __main__ - INFO - Weather in Berlin: -4.89
2023-12-04 08:07:06,390 - __main__ - INFO - Token value: 
2023-12-04 08:07:06,871 - __main__ - INFO - Weather in Berlin: -3.78
2023-12-04 10:06:06,317 - __main__ - INFO - Token value: 
2023-12-04 10:06:06,934 - __main__ - INFO - Weather in Berlin: -2.8
2023-12-04 12:08:05,026 - __main__ - INFO - Token value: 
2023-12-04 12:08:05,590 - __main__ - INFO - Weather in Berlin: -1.22
2023-12-04 14:05:42,366 - __main__ - INFO - Token value: 
2023-12-04 14:05:42,869 - __main__ - INFO - Weather in Berlin: -0.57
2023-12-04 16:06:02,592 - __main__ - INFO - Token value: 
2023-12-04 16:06:02,889 - __main__ - INFO - Weather in Berlin: -0.96
2023-12-04 18:06:32,368 - __main__ - INFO - Token value: 
2023-12-04 18:06:32,644 - __main__ - INFO - Weather in Berlin: -0.86
2023-12-04 20:06:10,067 - __main__ - INFO - Token value: 
2023-12-04 20:06:10,657 - __main__ - INFO - Weather in Berlin: -1.12
2023-12-04 22:05:37,539 - __main__ - INFO - Token value: 
2023-12-04 22:05:38,073 - __main__ - INFO - Weather in Berlin: -1.87
2023-12-05 00:21:33,158 - __main__ - INFO - Token value: 
2023-12-05 00:21:33,445 - __main__ - INFO - Weather in Berlin: -2.9
2023-12-05 02:16:52,222 - __main__ - INFO - Token value: 
2023-12-05 02:16:52,784 - __main__ - INFO - Weather in Berlin: -2.44
2023-12-05 04:06:08,574 - __main__ - INFO - Token value: 
2023-12-05 04:06:09,037 - __main__ - INFO - Weather in Berlin: -2.4
